[debug] [2021-02-27T07:21:36.084Z] ----------------------------------------------------------------------
[debug] [2021-02-27T07:21:36.086Z] Command:       C:\Program Files\nodejs\node.exe C:\Users\pratibal\AppData\Roaming\npm\node_modules\firebase-tools\lib\bin\firebase.js init
[debug] [2021-02-27T07:21:36.087Z] CLI Version:   9.5.0
[debug] [2021-02-27T07:21:36.087Z] Platform:      win32
[debug] [2021-02-27T07:21:36.087Z] Node Version:  v10.15.3
[debug] [2021-02-27T07:21:36.090Z] Time:          Sat Feb 27 2021 12:51:36 GMT+0530 (India Standard Time)
[debug] [2021-02-27T07:21:36.091Z] ----------------------------------------------------------------------
[debug] [2021-02-27T07:21:36.091Z] 
[debug] [2021-02-27T07:21:36.095Z] >>> [apiv2][query] GET https://firebase-public.firebaseio.com/cli.json [none]
[debug] [2021-02-27T07:21:36.128Z] > command requires scopes: ["email","openid","https://www.googleapis.com/auth/cloudplatformprojects.readonly","https://www.googleapis.com/auth/firebase","https://www.googleapis.com/auth/cloud-platform"]
[debug] [2021-02-27T07:21:36.129Z] > authorizing via signed-in user
[info] 
     ######## #### ########  ######## ########     ###     ######  ########
     ##        ##  ##     ## ##       ##     ##  ##   ##  ##       ##
     ######    ##  ########  ######   ########  #########  ######  ######
     ##        ##  ##    ##  ##       ##     ## ##     ##       ## ##
     ##       #### ##     ## ######## ########  ##     ##  ######  ########

You're about to initialize a Firebase project in this directory:

  C:\private\TECH\angular\dev-blog

Before we get started, keep in mind:

  * You are currently outside your home directory

[debug] [2021-02-27T07:21:39.646Z] <<< [apiv2][status] GET https://firebase-public.firebaseio.com/cli.json 200
[debug] [2021-02-27T07:21:39.647Z] <<< [apiv2][body] GET https://firebase-public.firebaseio.com/cli.json {"cloudBuildErrorAfter":1594252800000,"cloudBuildWarnAfter":1590019200000,"defaultNode10After":1594252800000,"minVersion":"3.0.5","node8DeploysDisabledAfter":1613390400000,"node8RuntimeDisabledAfter":1615809600000,"node8WarnAfter":1600128000000}
[info] 
=== Project Setup
[info] 
[info] First, let's associate this project directory with a Firebase project.
[info] You can create multiple project aliases by running firebase use --add, 
[info] but for now we'll just set up a default project.
[info] 
[debug] [2021-02-27T07:22:28.420Z] > refreshing access token with scopes: []
[debug] [2021-02-27T07:22:28.421Z] >>> HTTP REQUEST POST https://www.googleapis.com/oauth2/v3/token  
 <request body omitted>
[debug] [2021-02-27T07:22:33.693Z] <<< HTTP RESPONSE 200 {"cache-control":"no-cache, no-store, max-age=0, must-revalidate","pragma":"no-cache","date":"Sat, 27 Feb 2021 07:22:33 GMT","expires":"Mon, 01 Jan 1990 00:00:00 GMT","content-type":"application/json; charset=utf-8","vary":"X-Origin, Referer, Origin,Accept-Encoding","server":"scaffolding on HTTPServer2","x-xss-protection":"0","x-frame-options":"SAMEORIGIN","x-content-type-options":"nosniff","alt-svc":"h3-29=\":443\"; ma=2592000,h3-T051=\":443\"; ma=2592000,h3-Q050=\":443\"; ma=2592000,h3-Q046=\":443\"; ma=2592000,h3-Q043=\":443\"; ma=2592000,quic=\":443\"; ma=2592000; v=\"46,43\"","accept-ranges":"none","transfer-encoding":"chunked"}
[debug] [2021-02-27T07:22:33.700Z] >>> [apiv2][query] GET https://firebase.googleapis.com/v1beta1/projects pageSize=100
[debug] [2021-02-27T07:22:36.566Z] <<< [apiv2][status] GET https://firebase.googleapis.com/v1beta1/projects 200
[debug] [2021-02-27T07:22:36.566Z] <<< [apiv2][body] GET https://firebase.googleapis.com/v1beta1/projects [omitted]
[info] i  Using project hydra-blog-dev (blog) 
[info] 
=== Hosting Setup
[info] 
[info] Your public directory is the folder (relative to your project directory) that
[info] will contain Hosting assets to be uploaded with firebase deploy. If you
[info] have a build process for your assets, use your build's output directory.
[info] 
[debug] [2021-02-27T07:30:58.763Z] >>> [apiv2][query] GET https://www.gstatic.com/firebasejs/releases.json [none]
[debug] [2021-02-27T07:31:01.070Z] <<< [apiv2][status] GET https://www.gstatic.com/firebasejs/releases.json 200
[debug] [2021-02-27T07:31:01.071Z] <<< [apiv2][body] GET https://www.gstatic.com/firebasejs/releases.json {"current":{"version":"8.2.9","browserURL":"https://www.gstatic.com/firebasejs/8.2.9/firebase.js","packageURL":"https://www.gstatic.com/firebasejs/8.2.9/firebase.tgz"},"live":{"version":"8.2","browserURL":"https://www.gstatic.com/firebasejs/live/8.2/firebase.js","packageURL":"https://www.gstatic.com/firebasejs/live/8.2/firebase.tgz"},"components":{"analytics":"https://www.gstatic.com/firebasejs/8.2.9/firebase-analytics.js","app":"https://www.gstatic.com/firebasejs/8.2.9/firebase-app.js","auth":"https://www.gstatic.com/firebasejs/8.2.9/firebase-auth.js","database":"https://www.gstatic.com/firebasejs/8.2.9/firebase-database.js","firestore":"https://www.gstatic.com/firebasejs/8.2.9/firebase-firestore.js","functions":"https://www.gstatic.com/firebasejs/8.2.9/firebase-functions.js","installations":"https://www.gstatic.com/firebasejs/8.2.9/firebase-installations.js","messaging":"https://www.gstatic.com/firebasejs/8.2.9/firebase-messaging.js","storage":"https://www.gstatic.com/firebasejs/8.2.9/firebase-storage.js","performance":"https://www.gstatic.com/firebasejs/8.2.9/firebase-performance.js","remote-config":"https://www.gstatic.com/firebasejs/8.2.9/firebase-remote-config.js","firestore.memory":"https://www.gstatic.com/firebasejs/8.2.9/firebase-firestore.memory.js"}}
[info] i  Skipping write of dist/dev-blog/index.html 
[info] 
[info] i  Detected a .git folder at C:\private\TECH\angular\dev-blog 
[info] i  Authorizing with GitHub to upload your service account to a GitHub repository's secrets store. 
[info] 
[info] Visit this URL on this device to log in:
[info] https://github.com/login/oauth/authorize?client_id=89cf50f02ac6aaed3484&state=212865651&redirect_uri=http%3A%2F%2Flocalhost%3A9005&scope=read%3Auser%20repo%20public_repo
[info] 
[info] Waiting for authentication...
[debug] [2021-02-27T07:32:28.264Z] >>> HTTP REQUEST POST https://github.com/login/oauth/access_token  
 {"client_id":"89cf50f02ac6aaed3484","client_secret":"3330d14abc895d9a74d5f17cd7a00711fa2c5bf0","code":"c6c4d083520ff46c4249","redirect_uri":"http://localhost:9005","state":"212865651"}
[debug] [2021-02-27T07:32:29.664Z] <<< HTTP RESPONSE 200 {"server":"GitHub.com","date":"Sat, 27 Feb 2021 07:32:29 GMT","content-type":"application/json; charset=utf-8","vary":"X-PJAX, Accept-Encoding, Accept, X-Requested-With","etag":"W/\"4c024b4d7eb9fe9de43be2d834a8f69d\"","cache-control":"max-age=0, private, must-revalidate","strict-transport-security":"max-age=31536000; includeSubdomains; preload","x-frame-options":"deny","x-content-type-options":"nosniff","x-xss-protection":"1; mode=block","referrer-policy":"origin-when-cross-origin, strict-origin-when-cross-origin","expect-ct":"max-age=2592000, report-uri=\"https://api.github.com/_private/browser/errors\"","content-security-policy":"default-src 'none'; base-uri 'self'; block-all-mixed-content; connect-src 'self' uploads.github.com www.githubstatus.com collector.githubapp.com api.github.com github-cloud.s3.amazonaws.com github-production-repository-file-5c1aeb.s3.amazonaws.com github-production-upload-manifest-file-7fdce7.s3.amazonaws.com github-production-user-asset-6210df.s3.amazonaws.com cdn.optimizely.com logx.optimizely.com/v1/events wss://alive.github.com; font-src github.githubassets.com; form-action 'self' github.com gist.github.com; frame-ancestors 'none'; frame-src render.githubusercontent.com; img-src 'self' data: github.githubassets.com identicons.github.com collector.githubapp.com github-cloud.s3.amazonaws.com user-images.githubusercontent.com/ *.githubusercontent.com; manifest-src 'self'; media-src 'none'; script-src github.githubassets.com; style-src 'unsafe-inline' github.githubassets.com; worker-src github.com/socket-worker-5029ae85.js gist.github.com/socket-worker-5029ae85.js","x-github-request-id":"9F22:717E:259B19:2A4730:6039F58C","transfer-encoding":"chunked"}
[debug] [2021-02-27T07:32:29.667Z] >>> [apiv2][query] GET https://api.github.com/user [none]
[debug] [2021-02-27T07:32:31.342Z] <<< [apiv2][status] GET https://api.github.com/user 200
[debug] [2021-02-27T07:32:31.342Z] <<< [apiv2][body] GET https://api.github.com/user {"login":"PratikBali","id":32699117,"node_id":"MDQ6VXNlcjMyNjk5MTE3","avatar_url":"https://avatars.githubusercontent.com/u/32699117?v=4","gravatar_id":"","url":"https://api.github.com/users/PratikBali","html_url":"https://github.com/PratikBali","followers_url":"https://api.github.com/users/PratikBali/followers","following_url":"https://api.github.com/users/PratikBali/following{/other_user}","gists_url":"https://api.github.com/users/PratikBali/gists{/gist_id}","starred_url":"https://api.github.com/users/PratikBali/starred{/owner}{/repo}","subscriptions_url":"https://api.github.com/users/PratikBali/subscriptions","organizations_url":"https://api.github.com/users/PratikBali/orgs","repos_url":"https://api.github.com/users/PratikBali/repos","events_url":"https://api.github.com/users/PratikBali/events{/privacy}","received_events_url":"https://api.github.com/users/PratikBali/received_events","type":"User","site_admin":false,"name":"Pratik Bali","company":"Amdocs","blog":"","location":"Pune","email":null,"hireable":true,"bio":null,"twitter_username":null,"public_repos":35,"public_gists":1,"followers":2,"following":0,"created_at":"2017-10-11T07:31:13Z","updated_at":"2021-02-27T07:32:27Z","private_gists":0,"total_private_repos":0,"owned_private_repos":0,"disk_usage":58316,"collaborators":0,"two_factor_authentication":false,"plan":{"name":"free","space":976562499,"collaborators":0,"private_repos":10000}}
[info] 
[info] +  Success! Logged into GitHub as PratikBali 
[info] 
